  [4;36;1mSQL (0.3ms)[0m   [0;1m SELECT name
 FROM sqlite_master
 WHERE type = 'table' AND NOT name = 'sqlite_sequence'
[0m
  [4;35;1mSQL (0.1ms)[0m   [0mselect sqlite_version(*)[0m
  [4;36;1mSQL (6.9ms)[0m   [0;1mCREATE TABLE "schema_migrations" ("version" varchar(255) NOT NULL) [0m
  [4;35;1mSQL (0.1ms)[0m   [0mPRAGMA index_list("schema_migrations")[0m
  [4;36;1mSQL (1.7ms)[0m   [0;1mCREATE UNIQUE INDEX "unique_schema_migrations" ON "schema_migrations" ("version")[0m
  [4;35;1mSQL (0.7ms)[0m   [0m SELECT name
 FROM sqlite_master
 WHERE type = 'table' AND NOT name = 'sqlite_sequence'
[0m
  [4;36;1mSQL (0.1ms)[0m   [0;1mSELECT version FROM schema_migrations[0m
Migrating to CreateUsers (20121015234152)
  [4;35;1mSQL (20.9ms)[0m   [0mCREATE TABLE "users" ("id" INTEGER PRIMARY KEY AUTOINCREMENT NOT NULL, "name" varchar(255), "email" varchar(255), "created_at" datetime, "updated_at" datetime) [0m
  [4;36;1mSQL (0.3ms)[0m   [0;1mINSERT INTO schema_migrations (version) VALUES ('20121015234152')[0m
  [4;35;1mSQL (0.2ms)[0m   [0m SELECT name
 FROM sqlite_master
 WHERE type = 'table' AND NOT name = 'sqlite_sequence'
[0m
  [4;36;1mSQL (0.1ms)[0m   [0;1mSELECT version FROM schema_migrations[0m
  [4;35;1mSQL (0.1ms)[0m   [0m SELECT name
 FROM sqlite_master
 WHERE type = 'table' AND NOT name = 'sqlite_sequence'
[0m
  [4;36;1mSQL (0.0ms)[0m   [0;1mPRAGMA index_list("users")[0m


Processing Rails::InfoController#properties (for 127.0.0.1 at 2012-10-15 16:43:56) [GET]
  [4;36;1mSQL (0.6ms)[0m   [0;1m SELECT name
 FROM sqlite_master
 WHERE type = 'table' AND NOT name = 'sqlite_sequence'
[0m
  [4;35;1mSQL (0.1ms)[0m   [0mSELECT version FROM schema_migrations[0m
Completed in 112ms (View: 29, DB: 1) | 200 OK [http://localhost/rails/info/properties]


Processing UsersController#index (for 127.0.0.1 at 2012-10-15 16:44:39) [GET]
  [4;36;1mUser Load (0.4ms)[0m   [0;1mSELECT * FROM "users" [0m
Rendering template within layouts/users
Rendering users/index
Completed in 84ms (View: 78, DB: 0) | 200 OK [http://localhost/users]


Processing UsersController#index (for 127.0.0.1 at 2012-10-15 16:45:51) [GET]
  [4;35;1mUser Load (0.4ms)[0m   [0mSELECT * FROM "users" [0m
Rendering template within layouts/users
Rendering users/index
Completed in 80ms (View: 1, DB: 0) | 200 OK [http://localhost/users]


Processing UsersController#new (for 127.0.0.1 at 2012-10-15 16:45:53) [GET]
Rendering template within layouts/users
Rendering users/new
Completed in 369ms (View: 363, DB: 0) | 200 OK [http://localhost/users/new]


Processing UsersController#create (for 127.0.0.1 at 2012-10-15 16:46:29) [POST]
  Parameters: {"user"=>{"name"=>"John", "email"=>"john@emails.com"}, "commit"=>"Create", "authenticity_token"=>"y6O020Gbf1FmtoocPibanl2gDfHGouHDCND8RNVFj9M="}
  [4;36;1mUser Create (29.4ms)[0m   [0;1mINSERT INTO "users" ("created_at", "name", "updated_at", "email") VALUES('2012-10-15 23:46:29', 'John', '2012-10-15 23:46:29', 'john@emails.com')[0m
Redirected to http://localhost:3000/users/1
Completed in 41ms (DB: 29) | 302 Found [http://localhost/users]


Processing UsersController#show (for 127.0.0.1 at 2012-10-15 16:46:29) [GET]
  Parameters: {"id"=>"1"}
  [4;35;1mUser Load (0.2ms)[0m   [0mSELECT * FROM "users" WHERE ("users"."id" = 1) [0m
Rendering template within layouts/users
Rendering users/show
Completed in 24ms (View: 15, DB: 0) | 200 OK [http://localhost/users/1]


Processing UsersController#edit (for 127.0.0.1 at 2012-10-15 16:47:21) [GET]
  Parameters: {"id"=>"1"}
  [4;36;1mUser Load (0.2ms)[0m   [0;1mSELECT * FROM "users" WHERE ("users"."id" = 1) [0m
Rendering template within layouts/users
Rendering users/edit
Completed in 204ms (View: 199, DB: 0) | 200 OK [http://localhost/users/1/edit]


Processing UsersController#index (for 127.0.0.1 at 2012-10-15 16:48:19) [GET]
  [4;35;1mUser Load (0.4ms)[0m   [0mSELECT * FROM "users" [0m
Rendering template within layouts/users
Rendering users/index
Completed in 11ms (View: 6, DB: 0) | 200 OK [http://localhost/users]


Processing UsersController#new (for 127.0.0.1 at 2012-10-15 16:48:20) [GET]
Rendering template within layouts/users
Rendering users/new
Completed in 13ms (View: 8, DB: 0) | 200 OK [http://localhost/users/new]


Processing UsersController#create (for 127.0.0.1 at 2012-10-15 16:48:58) [POST]
  Parameters: {"user"=>{"name"=>"Dave", "email"=>"dave@email.com"}, "commit"=>"Create", "authenticity_token"=>"y6O020Gbf1FmtoocPibanl2gDfHGouHDCND8RNVFj9M="}
  [4;36;1mUser Create (0.6ms)[0m   [0;1mINSERT INTO "users" ("created_at", "name", "updated_at", "email") VALUES('2012-10-15 23:48:58', 'Dave', '2012-10-15 23:48:58', 'dave@email.com')[0m
Redirected to http://localhost:3000/users/2
Completed in 14ms (DB: 1) | 302 Found [http://localhost/users]


Processing UsersController#show (for 127.0.0.1 at 2012-10-15 16:48:58) [GET]
  Parameters: {"id"=>"2"}
  [4;35;1mUser Load (0.2ms)[0m   [0mSELECT * FROM "users" WHERE ("users"."id" = 2) [0m
Rendering template within layouts/users
Rendering users/show
Completed in 9ms (View: 3, DB: 0) | 200 OK [http://localhost/users/2]


Processing UsersController#index (for 127.0.0.1 at 2012-10-15 16:49:02) [GET]
  [4;36;1mUser Load (0.5ms)[0m   [0;1mSELECT * FROM "users" [0m
Rendering template within layouts/users
Rendering users/index
Completed in 15ms (View: 9, DB: 0) | 200 OK [http://localhost/users]


Processing UsersController#destroy (for 127.0.0.1 at 2012-10-15 16:49:56) [DELETE]
  Parameters: {"id"=>"2", "authenticity_token"=>"y6O020Gbf1FmtoocPibanl2gDfHGouHDCND8RNVFj9M="}
  [4;35;1mUser Load (0.2ms)[0m   [0mSELECT * FROM "users" WHERE ("users"."id" = 2) [0m
  [4;36;1mUser Destroy (41.0ms)[0m   [0;1mDELETE FROM "users" WHERE "id" = 2[0m
Redirected to http://localhost:3000/users
Completed in 50ms (DB: 41) | 302 Found [http://localhost/users/2]


Processing UsersController#index (for 127.0.0.1 at 2012-10-15 16:49:56) [GET]
  [4;35;1mUser Load (0.4ms)[0m   [0mSELECT * FROM "users" [0m
Rendering template within layouts/users
Rendering users/index
Completed in 13ms (View: 7, DB: 0) | 200 OK [http://localhost/users]
  [4;36;1mSQL (0.7ms)[0m   [0;1m SELECT name
 FROM sqlite_master
 WHERE type = 'table' AND NOT name = 'sqlite_sequence'
[0m
  [4;35;1mSQL (0.2ms)[0m   [0mSELECT version FROM schema_migrations[0m
Migrating to CreateUsers (20121015234152)
Migrating to CreateMicroposts (20121016165346)
  [4;36;1mSQL (0.1ms)[0m   [0;1mselect sqlite_version(*)[0m
  [4;35;1mSQL (0.5ms)[0m   [0mCREATE TABLE "microposts" ("id" INTEGER PRIMARY KEY AUTOINCREMENT NOT NULL, "content" varchar(255), "user_id" integer, "created_at" datetime, "updated_at" datetime) [0m
  [4;36;1mSQL (0.4ms)[0m   [0;1mINSERT INTO schema_migrations (version) VALUES ('20121016165346')[0m
  [4;35;1mSQL (0.3ms)[0m   [0m SELECT name
 FROM sqlite_master
 WHERE type = 'table' AND NOT name = 'sqlite_sequence'
[0m
  [4;36;1mSQL (0.1ms)[0m   [0;1mSELECT version FROM schema_migrations[0m
  [4;35;1mSQL (0.2ms)[0m   [0m SELECT name
 FROM sqlite_master
 WHERE type = 'table' AND NOT name = 'sqlite_sequence'
[0m
  [4;36;1mSQL (0.0ms)[0m   [0;1mPRAGMA index_list("microposts")[0m
  [4;35;1mSQL (0.0ms)[0m   [0mPRAGMA index_list("users")[0m


Processing MicropostsController#new (for 127.0.0.1 at 2012-10-16 10:13:31) [GET]
Rendering template within layouts/microposts
Rendering microposts/new
Completed in 41ms (View: 35, DB: 0) | 200 OK [http://localhost/microposts/new]


Processing MicropostsController#create (for 127.0.0.1 at 2012-10-16 10:13:41) [POST]
  Parameters: {"commit"=>"Create", "authenticity_token"=>"Z0KpDQXkOt+wXoVz2OuQPW1WuleE+SZAvAcOaafIdFw=", "micropost"=>{"user_id"=>"Will", "content"=>"A micropost!"}}
  [4;36;1mMicropost Create (0.5ms)[0m   [0;1mINSERT INTO "microposts" ("user_id", "created_at", "updated_at", "content") VALUES(0, '2012-10-16 17:13:41', '2012-10-16 17:13:41', 'A micropost!')[0m
Redirected to http://localhost:3000/microposts/1
Completed in 12ms (DB: 0) | 302 Found [http://localhost/microposts]


Processing MicropostsController#show (for 127.0.0.1 at 2012-10-16 10:13:41) [GET]
  Parameters: {"id"=>"1"}
  [4;35;1mMicropost Load (0.2ms)[0m   [0mSELECT * FROM "microposts" WHERE ("microposts"."id" = 1) [0m
Rendering template within layouts/microposts
Rendering microposts/show
Completed in 12ms (View: 7, DB: 0) | 200 OK [http://localhost/microposts/1]


Processing MicropostsController#index (for 127.0.0.1 at 2012-10-16 10:13:47) [GET]
  [4;36;1mMicropost Load (0.4ms)[0m   [0;1mSELECT * FROM "microposts" [0m
Rendering template within layouts/microposts
Rendering microposts/index
Completed in 15ms (View: 10, DB: 0) | 200 OK [http://localhost/microposts/]


Processing MicropostsController#new (for 127.0.0.1 at 2012-10-16 10:20:42) [GET]
Rendering template within layouts/microposts
Rendering microposts/new
Completed in 120ms (View: 115, DB: 0) | 200 OK [http://localhost/microposts/new]


Processing MicropostsController#create (for 127.0.0.1 at 2012-10-16 10:20:55) [POST]
  Parameters: {"commit"=>"Create", "authenticity_token"=>"Z0KpDQXkOt+wXoVz2OuQPW1WuleE+SZAvAcOaafIdFw=", "micropost"=>{"user_id"=>"Will", "content"=>"sdfsssksafjlsldflajfajsdlkfjafjlskjfsafljaskjfdjskfjlksaljfddsjklfjkljksljkfsjklfdjklsjklsfjkfjjflakjklfjkfldsjklfsdjkfjklfjk"}}
  [4;35;1mMicropost Create (0.6ms)[0m   [0mINSERT INTO "microposts" ("user_id", "created_at", "updated_at", "content") VALUES(0, '2012-10-16 17:20:55', '2012-10-16 17:20:55', 'sdfsssksafjlsldflajfajsdlkfjafjlskjfsafljaskjfdjskfjlksaljfddsjklfjkljksljkfsjklfdjklsjklsfjkfjjflakjklfjkfldsjklfsdjkfjklfjk')[0m
Redirected to http://localhost:3000/microposts/2
Completed in 13ms (DB: 1) | 302 Found [http://localhost/microposts]


Processing MicropostsController#show (for 127.0.0.1 at 2012-10-16 10:20:55) [GET]
  Parameters: {"id"=>"2"}
  [4;36;1mMicropost Load (0.2ms)[0m   [0;1mSELECT * FROM "microposts" WHERE ("microposts"."id" = 2) [0m
Rendering template within layouts/microposts
Rendering microposts/show
Completed in 10ms (View: 4, DB: 0) | 200 OK [http://localhost/microposts/2]


Processing MicropostsController#edit (for 127.0.0.1 at 2012-10-16 10:21:00) [GET]
  Parameters: {"id"=>"2"}
  [4;35;1mMicropost Load (0.2ms)[0m   [0mSELECT * FROM "microposts" WHERE ("microposts"."id" = 2) [0m
Rendering template within layouts/microposts
Rendering microposts/edit
Completed in 46ms (View: 40, DB: 0) | 200 OK [http://localhost/microposts/2/edit]


Processing MicropostsController#update (for 127.0.0.1 at 2012-10-16 10:21:04) [PUT]
  Parameters: {"commit"=>"Update", "authenticity_token"=>"Z0KpDQXkOt+wXoVz2OuQPW1WuleE+SZAvAcOaafIdFw=", "id"=>"2", "micropost"=>{"user_id"=>"0", "content"=>"sdfsssksafjlsldflajfajsdlkfjafjlskjfsafljaskjfdjskfjlksaljfddsjklfjkljksljkfsjklfdjklsjklsfjkfjjflakjklfjkfldsjklfsdjkfjklfjk sdfsssksafjlsldflajfajsdlkfjafjlskjfsafljaskjfdjskfjlksaljfddsjklfjkljksljkfsjklfdjklsjklsfjkfjjflakjklfjkfldsjklfsdjkfjklfjk "}}
  [4;36;1mMicropost Load (0.2ms)[0m   [0;1mSELECT * FROM "microposts" WHERE ("microposts"."id" = 2) [0m
Rendering template within layouts/microposts
Rendering microposts/edit
Completed in 95ms (View: 10, DB: 0) | 200 OK [http://localhost/microposts/2]


Processing MicropostsController#index (for 127.0.0.1 at 2012-10-16 10:21:15) [GET]
  [4;35;1mMicropost Load (0.5ms)[0m   [0mSELECT * FROM "microposts" [0m
Rendering template within layouts/microposts
Rendering microposts/index
Completed in 15ms (View: 9, DB: 0) | 200 OK [http://localhost/microposts/]


Processing MicropostsController#destroy (for 127.0.0.1 at 2012-10-16 10:21:18) [DELETE]
  Parameters: {"authenticity_token"=>"Z0KpDQXkOt+wXoVz2OuQPW1WuleE+SZAvAcOaafIdFw=", "id"=>"2"}
  [4;36;1mMicropost Load (0.2ms)[0m   [0;1mSELECT * FROM "microposts" WHERE ("microposts"."id" = 2) [0m
  [4;35;1mMicropost Destroy (0.3ms)[0m   [0mDELETE FROM "microposts" WHERE "id" = 2[0m
Redirected to http://localhost:3000/microposts
Completed in 10ms (DB: 0) | 302 Found [http://localhost/microposts/2]


Processing MicropostsController#index (for 127.0.0.1 at 2012-10-16 10:21:18) [GET]
  [4;36;1mMicropost Load (0.4ms)[0m   [0;1mSELECT * FROM "microposts" [0m
Rendering template within layouts/microposts
Rendering microposts/index
Completed in 11ms (View: 6, DB: 0) | 200 OK [http://localhost/microposts]
